<?xml version="1.0" encoding="UTF-8"?>
<!-- Generated by org.testng.reporters.JUnitReportReporter -->
<testsuite hostname="BigBlackComputer" failures="0" tests="1" name="tests.RegisterTests" time="3.976" errors="0" timestamp="2021-10-21T15:29:46 NZDT" skipped="0">
  <testcase classname="tests.RegisterTests" name="RegisterNewUser" time="3.976"/>
  <system-out/>
</testsuite> <!-- tests.RegisterTests -->
