<?xml version="1.0" encoding="UTF-8"?>
<!-- Generated by org.testng.reporters.JUnitReportReporter -->
<testsuite hostname="BigBlackComputer" failures="0" tests="2" name="tests.LoginTests" time="21.348" errors="0" timestamp="2021-10-21T21:37:42 NZDT" skipped="0">
  <testcase classname="tests.LoginTests" name="LoginTestInvalid" time="17.884"/>
  <system-out/>
  <testcase classname="tests.LoginTests" name="LoginTestValid" time="3.464"/>
  <system-out/>
</testsuite> <!-- tests.LoginTests -->
