<?xml version="1.0" encoding="UTF-8"?>
<!-- Generated by org.testng.reporters.JUnitReportReporter -->
<testsuite hostname="BigBlackComputer" failures="0" tests="2" name="tests.CarDetailsTests" time="20.355" errors="0" timestamp="2021-10-21T21:37:42 NZDT" skipped="0">
  <testcase classname="tests.CarDetailsTests" name="CommentOnDiablo" time="7.862"/>
  <system-out/>
  <testcase classname="tests.CarDetailsTests" name="VerifyVoteOrder" time="12.493"/>
  <system-out/>
</testsuite> <!-- tests.CarDetailsTests -->
