<?xml version="1.0" encoding="UTF-8"?>
<!-- Generated by org.testng.reporters.JUnitReportReporter -->
<testsuite hostname="BigBlackComputer" failures="0" tests="1" name="tests.RegisterTests" time="5.148" errors="0" timestamp="2021-10-21T21:37:42 NZDT" skipped="0">
  <testcase classname="tests.RegisterTests" name="RegisterNewUser" time="5.148"/>
  <system-out/>
</testsuite> <!-- tests.RegisterTests -->
