<?xml version="1.0" encoding="UTF-8"?>
<!-- Generated by org.testng.reporters.JUnitReportReporter -->
<testsuite hostname="BigBlackComputer" failures="0" tests="2" name="tests.SampleTests" time="17.488" errors="0" timestamp="2021-10-21T10:34:03 NZDT" skipped="0">
  <testcase classname="tests.SampleTests" name="LoginTestValid" time="1.410"/>
  <system-out/>
  <testcase classname="tests.SampleTests" name="LoginTestInvalid" time="16.078"/>
  <system-out/>
</testsuite> <!-- tests.SampleTests -->
