<?xml version="1.0" encoding="UTF-8"?>
<!-- Generated by org.testng.reporters.JUnitReportReporter -->
<testsuite hostname="BigBlackComputer" failures="0" tests="1" name="tests.ProfileTests" time="4.902" errors="0" timestamp="2021-10-21T15:05:10 NZDT" skipped="0">
  <testcase classname="tests.ProfileTests" name="ChangeUserAddress" time="4.902"/>
  <system-out/>
</testsuite> <!-- tests.ProfileTests -->
